{
  "RSpec": {
    "coverage": {
      "/home/giordano/PrivateWork/shoponline/app/controllers/authentication/users_controller.rb": {
        "lines": [
          1,
          1,
          0,
          null,
          null,
          1,
          7,
          7,
          2,
          null,
          5,
          null,
          null,
          null,
          1,
          null,
          1,
          7,
          null,
          null
        ]
      },
      "/home/giordano/PrivateWork/shoponline/app/controllers/application_controller.rb": {
        "lines": [
          1,
          1,
          1,
          null,
          1,
          7,
          7,
          null,
          null,
          1,
          null,
          1,
          0,
          null,
          null
        ]
      },
      "/home/giordano/PrivateWork/shoponline/app/models/user.rb": {
        "lines": [
          1,
          1,
          null,
          1,
          null,
          null,
          null,
          null,
          null,
          1,
          null,
          null,
          null,
          null,
          null,
          null,
          1,
          null,
          1,
          null,
          1,
          null,
          1,
          2,
          2,
          null,
          null
        ]
      },
      "/home/giordano/PrivateWork/shoponline/app/models/application_record.rb": {
        "lines": [
          1,
          1,
          null
        ]
      }
    },
    "timestamp": 1707154119
  }
}
