{
  "RSpec": {
    "coverage": {
      "/home/giordano/PrivateWork/shoponline/app/controllers/products_controller.rb": {
        "lines": [
          1,
          1,
          1,
          null,
          1,
          3,
          3,
          null,
          null,
          1,
          null,
          null,
          1,
          0,
          null,
          null,
          1,
          0,
          null,
          null,
          1,
          0,
          null,
          0,
          0,
          0,
          null,
          0,
          null,
          null,
          null,
          null,
          1,
          0,
          0,
          0,
          0,
          0,
          null,
          0,
          null,
          null,
          null,
          null,
          1,
          0,
          null,
          0,
          0,
          null,
          null,
          null,
          1,
          1,
          0,
          null,
          null,
          1,
          0,
          null,
          null,
          null,
          null,
          null,
          null,
          null,
          null,
          1,
          3,
          null,
          null,
          null,
          null,
          null,
          null,
          null,
          null,
          null,
          null
        ]
      },
      "/home/giordano/PrivateWork/shoponline/app/controllers/application_controller.rb": {
        "lines": [
          1,
          1,
          1,
          1,
          1,
          1,
          null
        ]
      },
      "/home/giordano/PrivateWork/shoponline/app/controllers/concerns/authentication.rb": {
        "lines": [
          1,
          1,
          null,
          1,
          1,
          1,
          null,
          1,
          null,
          1,
          3,
          null,
          null,
          1,
          0,
          null,
          null,
          null
        ]
      },
      "/home/giordano/PrivateWork/shoponline/app/controllers/concerns/authorization.rb": {
        "lines": [
          1,
          1,
          null,
          1,
          1,
          null,
          1,
          0,
          null,
          null,
          1,
          null,
          1,
          0,
          0,
          null,
          null,
          null
        ]
      },
      "/home/giordano/PrivateWork/shoponline/app/controllers/concerns/language.rb": {
        "lines": [
          1,
          1,
          null,
          1,
          1,
          null,
          1,
          null,
          1,
          3,
          null,
          null,
          1,
          3,
          null,
          null,
          null
        ]
      },
      "/home/giordano/PrivateWork/shoponline/app/controllers/concerns/error.rb": {
        "lines": [
          1,
          1,
          null,
          1,
          1,
          0,
          null,
          null,
          null
        ]
      },
      "/home/giordano/PrivateWork/shoponline/app/models/category.rb": {
        "lines": [
          1,
          1,
          1,
          null
        ]
      },
      "/home/giordano/PrivateWork/shoponline/app/models/application_record.rb": {
        "lines": [
          1,
          1,
          null
        ]
      },
      "/home/giordano/PrivateWork/shoponline/app/queries/find_products.rb": {
        "lines": [
          1,
          1,
          null,
          1,
          3,
          null,
          null,
          1,
          3,
          3,
          3,
          3,
          3,
          3,
          3,
          3,
          null,
          null,
          1,
          null,
          1,
          3,
          null,
          null,
          1,
          3,
          null,
          0,
          null,
          null,
          1,
          3,
          null,
          0,
          null,
          null,
          1,
          3,
          null,
          0,
          null,
          null,
          1,
          3,
          null,
          0,
          null,
          null,
          1,
          3,
          null,
          0,
          null,
          null,
          1,
          3,
          null,
          0,
          null,
          null,
          1,
          3,
          3,
          null,
          null
        ]
      },
      "/home/giordano/PrivateWork/shoponline/app/models/product.rb": {
        "lines": [
          1,
          1,
          1,
          null,
          1,
          null,
          null,
          null,
          null,
          null,
          1,
          null,
          null,
          null,
          null,
          1,
          1,
          1,
          null,
          1,
          1,
          1,
          1,
          null,
          1,
          0,
          null,
          null,
          1,
          0,
          null,
          null
        ]
      },
      "/home/giordano/PrivateWork/shoponline/app/models/concerns/favoritable.rb": {
        "lines": [
          1,
          1,
          null,
          1,
          1,
          null,
          1,
          0,
          null,
          null,
          1,
          0,
          null,
          null,
          1,
          0,
          null,
          null,
          null
        ]
      },
      "/home/giordano/PrivateWork/shoponline/app/models/user.rb": {
        "lines": [
          1,
          1,
          null,
          1,
          null,
          null,
          null,
          null,
          null,
          1,
          null,
          null,
          null,
          null,
          null,
          null,
          1,
          null,
          1,
          1,
          1,
          null,
          1,
          null,
          1,
          null,
          1,
          3,
          0,
          null,
          null,
          null,
          1,
          null,
          1,
          1,
          1,
          null,
          null
        ]
      }
    },
    "timestamp": 1707411442
  }
}
